Using pre-set license
Built from '2020.3/staging' branch; Version is '2020.3.21f1 (a38c86f6690f) revision 10718342'; Using compiler version '192528614'; Build Type 'Release'
OS: 'Windows 10 Home; OS build 19043.1466; Version 2009; 64bit' Language: 'fr' Physical Memory: 12171 MB
BatchMode: 1, IsHumanControllingUs: 0, StartBugReporterOnCrash: 0, Is64bit: 1, IsPro: 0

COMMAND LINE ARGUMENTS:
D:\Programmes\Unity\Hub\Editor\2020.3.21f1\Editor\Unity.exe
-adb2
-batchMode
-noUpm
-name
AssetImportWorker0
-projectPath
D:/Unity Projects/Test HOMA
-logFile
Logs/AssetImportWorker0.log
-srvPort
51684
Successfully changed project path to: D:/Unity Projects/Test HOMA
D:/Unity Projects/Test HOMA
Using Asset Import Pipeline V2.
Refreshing native plugins compatible for Editor in 55.25 ms, found 2 plugins.
Preloading 0 native plugins for Editor in 0.00 ms.
Initialize engine version: 2020.3.21f1 (a38c86f6690f)
[Subsystems] Discovering subsystems at path D:/Programmes/Unity/Hub/Editor/2020.3.21f1/Editor/Data/Resources/UnitySubsystems
[Subsystems] Discovering subsystems at path D:/Unity Projects/Test HOMA/Assets
GfxDevice: creating device client; threaded=0
Direct3D:
    Version:  Direct3D 11.0 [level 11.1]
    Renderer: NVIDIA GeForce GTX 1050 (ID=0x1c8d)
    Vendor:   
    VRAM:     1977 MB
    Driver:   27.21.14.6677
Initialize mono
Mono path[0] = 'D:/Programmes/Unity/Hub/Editor/2020.3.21f1/Editor/Data/Managed'
Mono path[1] = 'D:/Programmes/Unity/Hub/Editor/2020.3.21f1/Editor/Data/MonoBleedingEdge/lib/mono/unityjit'
Mono config path = 'D:/Programmes/Unity/Hub/Editor/2020.3.21f1/Editor/Data/MonoBleedingEdge/etc'
Using monoOptions --debugger-agent=transport=dt_socket,embedding=1,server=y,suspend=n,address=127.0.0.1:56456
Begin MonoManager ReloadAssembly
Registering precompiled unity dll's ...
Register platform support module: D:/Programmes/Unity/Hub/Editor/2020.3.21f1/Editor/Data/PlaybackEngines/WindowsStandaloneSupport/UnityEditor.WindowsStandalone.Extensions.dll
Registered in 0.001569 seconds.
Native extension for WindowsStandalone target not found
Refreshing native plugins compatible for Editor in 44.28 ms, found 2 plugins.
Preloading 0 native plugins for Editor in 0.00 ms.
Mono: successfully reloaded assembly
- Completed reload, in  3.214 seconds
Domain Reload Profiling:
	ReloadAssembly (3214ms)
		BeginReloadAssembly (87ms)
			ExecutionOrderSort (0ms)
			DisableScriptedObjects (0ms)
			BackupInstance (0ms)
			ReleaseScriptingObjects (0ms)
			CreateAndSetChildDomain (1ms)
		EndReloadAssembly (562ms)
			LoadAssemblies (86ms)
			RebuildTransferFunctionScriptingTraits (0ms)
			SetupTypeCache (187ms)
			ReleaseScriptCaches (0ms)
			RebuildScriptCaches (38ms)
			SetupLoadedEditorAssemblies (197ms)
				LogAssemblyErrors (0ms)
				InitializePlatformSupportModulesInManaged (4ms)
				SetLoadedEditorAssemblies (0ms)
				RefreshPlugins (44ms)
				BeforeProcessingInitializeOnLoad (17ms)
				ProcessInitializeOnLoadAttributes (98ms)
				ProcessInitializeOnLoadMethodAttributes (33ms)
				AfterProcessingInitializeOnLoad (0ms)
				EditorAssembliesLoaded (0ms)
			ExecutionOrderSort2 (0ms)
			AwakeInstancesAfterBackupRestoration (0ms)
Platform modules already initialized, skipping
Registering precompiled user dll's ...
Registered in 0.006206 seconds.
Begin MonoManager ReloadAssembly
Native extension for WindowsStandalone target not found
Refreshing native plugins compatible for Editor in 0.52 ms, found 2 plugins.
Preloading 0 native plugins for Editor in 0.00 ms.
Mono: successfully reloaded assembly
- Completed reload, in  1.218 seconds
Domain Reload Profiling:
	ReloadAssembly (1219ms)
		BeginReloadAssembly (188ms)
			ExecutionOrderSort (0ms)
			DisableScriptedObjects (6ms)
			BackupInstance (0ms)
			ReleaseScriptingObjects (0ms)
			CreateAndSetChildDomain (21ms)
		EndReloadAssembly (959ms)
			LoadAssemblies (125ms)
			RebuildTransferFunctionScriptingTraits (0ms)
			SetupTypeCache (335ms)
			ReleaseScriptCaches (0ms)
			RebuildScriptCaches (48ms)
			SetupLoadedEditorAssemblies (351ms)
				LogAssemblyErrors (0ms)
				InitializePlatformSupportModulesInManaged (6ms)
				SetLoadedEditorAssemblies (1ms)
				RefreshPlugins (1ms)
				BeforeProcessingInitializeOnLoad (86ms)
				ProcessInitializeOnLoadAttributes (243ms)
				ProcessInitializeOnLoadMethodAttributes (10ms)
				AfterProcessingInitializeOnLoad (4ms)
				EditorAssembliesLoaded (0ms)
			ExecutionOrderSort2 (0ms)
			AwakeInstancesAfterBackupRestoration (8ms)
Platform modules already initialized, skipping
========================================================================
Worker process is ready to serve import requests
Launched and connected shader compiler UnityShaderCompiler.exe after 0.24 seconds
Refreshing native plugins compatible for Editor in 0.47 ms, found 2 plugins.
Preloading 0 native plugins for Editor in 0.00 ms.
Unloading 1579 Unused Serialized files (Serialized files now loaded: 0)
System memory in use before: 74.7 MB.
System memory in use after: 74.7 MB.

Unloading 21 unused Assets to reduce memory usage. Loaded Objects now: 2028.
Total: 3.419900 ms (FindLiveObjects: 0.149400 ms CreateObjectMapping: 0.051600 ms MarkObjects: 3.097500 ms  DeleteObjects: 0.120200 ms)

AssetImportParameters requested are different than current active one (requested -> active):
  custom:framework-win-MediaFoundation: 216162199b28c13a410421893ffa2e32 -> 
  custom:video-decoder-ogg-theora: a1e56fd34408186e4bbccfd4996cb3dc -> 
  custom:container-muxer-webm: aa71ff27fc2769a1b78a27578f13a17b -> 
  custom:container-demuxer-webm: 4f35f7cbe854078d1ac9338744f61a02 -> 
  custom:container-demuxer-ogg: 62fdf1f143b41e24485cea50d1cbac27 -> 
  custom:video-encoder-webm-vp8: eb34c28f22e8b96e1ab97ce403110664 -> 
  custom:video-codec-MediaFoundation-h265: 746d11721c4dcdbdad8f713fa42b33f4 -> 
  custom:video-decoder-webm-vp8: 9c59270c3fd7afecdb556c50c9e8de78 -> 
  custom:audio-decoder-ogg-vorbis: bf7c407c2cedff20999df2af8eb42d56 -> 
  custom:audio-encoder-webm-vorbis: bf7c407c2cedff20999df2af8eb42d56 -> 
========================================================================
Received Import Request.
  path: Assets/Sounds/402767__matrixxx__retro-coin-03.wav
  artifactKey: Guid(946d20c82608ab644b5ca32e6f17c90b) Importer(815301076,1909f56bfc062723c751e8b465ee728b)
Start importing Assets/Sounds/402767__matrixxx__retro-coin-03.wav using Guid(946d20c82608ab644b5ca32e6f17c90b) Importer(815301076,1909f56bfc062723c751e8b465ee728b)  -> (artifact id: 'cc456d338cc16ef912acbff9252c1b43') in 0.131117 seconds 
  Import took 0.134051 seconds .

========================================================================
Received Import Request.
  Time since last request: 4.851679 seconds.
  path: Assets/Prefabs/BlockLeft 2.prefab
  artifactKey: Guid(1216dc3ae7dca604cb1ac5ddfbfc28c2) Importer(815301076,1909f56bfc062723c751e8b465ee728b)
Start importing Assets/Prefabs/BlockLeft 2.prefab using Guid(1216dc3ae7dca604cb1ac5ddfbfc28c2) Importer(815301076,1909f56bfc062723c751e8b465ee728b)  -> (artifact id: '6f4d1ce109d5c30a01f3ea6d7047e852') in 0.142932 seconds 
  Import took 0.147028 seconds .

========================================================================
Received Import Request.
  Time since last request: 0.000206 seconds.
  path: Assets/Prefabs/Coin.prefab
  artifactKey: Guid(a6a1dc61fa69ba446ae4ef25307496b6) Importer(815301076,1909f56bfc062723c751e8b465ee728b)
Start importing Assets/Prefabs/Coin.prefab using Guid(a6a1dc61fa69ba446ae4ef25307496b6) Importer(815301076,1909f56bfc062723c751e8b465ee728b)  -> (artifact id: '6bcd1316a9d187dfe35f49d04e837f76') in 0.041755 seconds 
  Import took 0.045000 seconds .

========================================================================
Received Import Request.
  Time since last request: 0.000202 seconds.
  path: Assets/Prefabs/RectBlock 3.prefab
  artifactKey: Guid(bc077d67673dd6f46a77e2b3e3944560) Importer(815301076,1909f56bfc062723c751e8b465ee728b)
Start importing Assets/Prefabs/RectBlock 3.prefab using Guid(bc077d67673dd6f46a77e2b3e3944560) Importer(815301076,1909f56bfc062723c751e8b465ee728b)  -> (artifact id: '0587b6db6df678680f79451f875b7deb') in 0.072855 seconds 
  Import took 0.076396 seconds .

========================================================================
Received Import Request.
  Time since last request: 0.000211 seconds.
  path: Assets/Prefabs/BlockMiddle.prefab
  artifactKey: Guid(e16f2765db973d1469eca4f5519a5a27) Importer(815301076,1909f56bfc062723c751e8b465ee728b)
Start importing Assets/Prefabs/BlockMiddle.prefab using Guid(e16f2765db973d1469eca4f5519a5a27) Importer(815301076,1909f56bfc062723c751e8b465ee728b)  -> (artifact id: '9d4b3aa475ef93b0a07beef4ac523364') in 0.050454 seconds 
  Import took 0.053952 seconds .

========================================================================
Received Import Request.
  Time since last request: 0.000205 seconds.
  path: Assets/Prefabs/BlockLeft.prefab
  artifactKey: Guid(dcb2d509decabe84f8698aaf117948e6) Importer(815301076,1909f56bfc062723c751e8b465ee728b)
Start importing Assets/Prefabs/BlockLeft.prefab using Guid(dcb2d509decabe84f8698aaf117948e6) Importer(815301076,1909f56bfc062723c751e8b465ee728b)  -> (artifact id: '0353806dc219dada5892d0981f0f4038') in 0.045293 seconds 
  Import took 0.048771 seconds .

========================================================================
Received Import Request.
  Time since last request: 0.000219 seconds.
  path: Assets/Prefabs/BlockRight 2.prefab
  artifactKey: Guid(b700b4746ac087047bf7117dd2fbe263) Importer(815301076,1909f56bfc062723c751e8b465ee728b)
Start importing Assets/Prefabs/BlockRight 2.prefab using Guid(b700b4746ac087047bf7117dd2fbe263) Importer(815301076,1909f56bfc062723c751e8b465ee728b)  -> (artifact id: '2ee7de62d259bbca384916b089b574ad') in 0.048141 seconds 
  Import took 0.051426 seconds .

========================================================================
Received Import Request.
  Time since last request: 0.000221 seconds.
  path: Assets/Prefabs/RectBlock 2.prefab
  artifactKey: Guid(46ce1bfe71d8cc149afc06e87366ed9e) Importer(815301076,1909f56bfc062723c751e8b465ee728b)
Start importing Assets/Prefabs/RectBlock 2.prefab using Guid(46ce1bfe71d8cc149afc06e87366ed9e) Importer(815301076,1909f56bfc062723c751e8b465ee728b)  -> (artifact id: '15d159881f270fa5bf9b4bed781ae254') in 0.048552 seconds 
  Import took 0.051829 seconds .

========================================================================
Received Import Request.
  Time since last request: 0.000060 seconds.
  path: Assets/Prefabs/BlockRight.prefab
  artifactKey: Guid(25d49b6f96868bc4680830c3d9cc7223) Importer(815301076,1909f56bfc062723c751e8b465ee728b)
Start importing Assets/Prefabs/BlockRight.prefab using Guid(25d49b6f96868bc4680830c3d9cc7223) Importer(815301076,1909f56bfc062723c751e8b465ee728b)  -> (artifact id: '3bc16578b9d61790d0f2ab8d87bca153') in 0.051759 seconds 
  Import took 0.055068 seconds .

========================================================================
Received Prepare
Registering precompiled user dll's ...
Registered in 0.007787 seconds.
Begin MonoManager ReloadAssembly
Native extension for WindowsStandalone target not found
Refreshing native plugins compatible for Editor in 0.46 ms, found 2 plugins.
Preloading 0 native plugins for Editor in 0.00 ms.
Mono: successfully reloaded assembly
- Completed reload, in  1.276 seconds
Domain Reload Profiling:
	ReloadAssembly (1277ms)
		BeginReloadAssembly (149ms)
			ExecutionOrderSort (0ms)
			DisableScriptedObjects (5ms)
			BackupInstance (0ms)
			ReleaseScriptingObjects (0ms)
			CreateAndSetChildDomain (40ms)
		EndReloadAssembly (1041ms)
			LoadAssemblies (142ms)
			RebuildTransferFunctionScriptingTraits (0ms)
			SetupTypeCache (398ms)
			ReleaseScriptCaches (1ms)
			RebuildScriptCaches (45ms)
			SetupLoadedEditorAssemblies (355ms)
				LogAssemblyErrors (0ms)
				InitializePlatformSupportModulesInManaged (6ms)
				SetLoadedEditorAssemblies (1ms)
				RefreshPlugins (1ms)
				BeforeProcessingInitializeOnLoad (99ms)
				ProcessInitializeOnLoadAttributes (235ms)
				ProcessInitializeOnLoadMethodAttributes (10ms)
				AfterProcessingInitializeOnLoad (3ms)
				EditorAssembliesLoaded (0ms)
			ExecutionOrderSort2 (0ms)
			AwakeInstancesAfterBackupRestoration (8ms)
Platform modules already initialized, skipping
Switching build target platform(19) subTarget(0) extendedPlatform(0) -> platform(13) subTarget(537395200) extendedPlatform(0)
Refreshing native plugins compatible for Editor in 0.50 ms, found 2 plugins.
Preloading 0 native plugins for Editor in 0.00 ms.
Unloading 1559 Unused Serialized files (Serialized files now loaded: 0)
System memory in use before: 75.7 MB.
System memory in use after: 75.8 MB.

Unloading 17 unused Assets to reduce memory usage. Loaded Objects now: 2039.
Total: 4.026200 ms (FindLiveObjects: 0.145700 ms CreateObjectMapping: 0.085200 ms MarkObjects: 3.728200 ms  DeleteObjects: 0.065800 ms)

AssetImportParameters requested are different than current active one (requested -> active):
  custom:framework-win-MediaFoundation: 216162199b28c13a410421893ffa2e32 -> 
  custom:video-decoder-ogg-theora: a1e56fd34408186e4bbccfd4996cb3dc -> 
  custom:container-muxer-webm: aa71ff27fc2769a1b78a27578f13a17b -> 
  custom:container-demuxer-webm: 4f35f7cbe854078d1ac9338744f61a02 -> 
  custom:container-demuxer-ogg: 62fdf1f143b41e24485cea50d1cbac27 -> 
  custom:video-encoder-webm-vp8: eb34c28f22e8b96e1ab97ce403110664 -> 
  custom:video-codec-MediaFoundation-h265: 746d11721c4dcdbdad8f713fa42b33f4 -> 
  custom:video-decoder-webm-vp8: 9c59270c3fd7afecdb556c50c9e8de78 -> 
  custom:graphics/normal-map-encoding: 01000000000000000000000000000000 -> 02000000000000000000000000000000
  custom:audio-decoder-ogg-vorbis: bf7c407c2cedff20999df2af8eb42d56 -> 
  custom:audio-encoder-webm-vorbis: bf7c407c2cedff20999df2af8eb42d56 -> 
========================================================================
Received Import Request.
  Time since last request: 53.276859 seconds.
  path: Assets/Prefabs/Coin.prefab
  artifactKey: Guid(a6a1dc61fa69ba446ae4ef25307496b6) Importer(815301076,1909f56bfc062723c751e8b465ee728b)
Start importing Assets/Prefabs/Coin.prefab using Guid(a6a1dc61fa69ba446ae4ef25307496b6) Importer(815301076,1909f56bfc062723c751e8b465ee728b)  -> (artifact id: '7c62a51db7759ae248de985ef567f887') in 0.111833 seconds 
  Import took 0.115518 seconds .

========================================================================
Received Import Request.
  Time since last request: 0.000335 seconds.
  path: Assets/Prefabs/RectBlock 3.prefab
  artifactKey: Guid(bc077d67673dd6f46a77e2b3e3944560) Importer(815301076,1909f56bfc062723c751e8b465ee728b)
Start importing Assets/Prefabs/RectBlock 3.prefab using Guid(bc077d67673dd6f46a77e2b3e3944560) Importer(815301076,1909f56bfc062723c751e8b465ee728b)  -> (artifact id: '2fc013605d023fceec49596ab6f8948f') in 0.067181 seconds 
  Import took 0.070482 seconds .

========================================================================
Received Import Request.
  Time since last request: 0.000365 seconds.
  path: Assets/Prefabs/BlockMiddle.prefab
  artifactKey: Guid(e16f2765db973d1469eca4f5519a5a27) Importer(815301076,1909f56bfc062723c751e8b465ee728b)
Start importing Assets/Prefabs/BlockMiddle.prefab using Guid(e16f2765db973d1469eca4f5519a5a27) Importer(815301076,1909f56bfc062723c751e8b465ee728b)  -> (artifact id: 'a4d9f240b14c48c05728b9acecd4061b') in 0.049914 seconds 
  Import took 0.054379 seconds .

========================================================================
Received Import Request.
  Time since last request: 0.000215 seconds.
  path: Assets/Prefabs/BlockLeft.prefab
  artifactKey: Guid(dcb2d509decabe84f8698aaf117948e6) Importer(815301076,1909f56bfc062723c751e8b465ee728b)
Start importing Assets/Prefabs/BlockLeft.prefab using Guid(dcb2d509decabe84f8698aaf117948e6) Importer(815301076,1909f56bfc062723c751e8b465ee728b)  -> (artifact id: '40b13d6eaee1088d04898c2f41d9d94a') in 0.105088 seconds 
  Import took 0.109567 seconds .

========================================================================
Received Import Request.
  Time since last request: 0.000260 seconds.
  path: Assets/Prefabs/BlockRight 2.prefab
  artifactKey: Guid(b700b4746ac087047bf7117dd2fbe263) Importer(815301076,1909f56bfc062723c751e8b465ee728b)
Start importing Assets/Prefabs/BlockRight 2.prefab using Guid(b700b4746ac087047bf7117dd2fbe263) Importer(815301076,1909f56bfc062723c751e8b465ee728b)  -> (artifact id: '98a269759fcbdb9f3fb137be39b33af5') in 0.045315 seconds 
  Import took 0.048545 seconds .

========================================================================
Received Import Request.
  Time since last request: 0.000216 seconds.
  path: Assets/Prefabs/RectBlock 2.prefab
  artifactKey: Guid(46ce1bfe71d8cc149afc06e87366ed9e) Importer(815301076,1909f56bfc062723c751e8b465ee728b)
Start importing Assets/Prefabs/RectBlock 2.prefab using Guid(46ce1bfe71d8cc149afc06e87366ed9e) Importer(815301076,1909f56bfc062723c751e8b465ee728b)  -> (artifact id: '9e40e62f64691e5385f9e20d97171df9') in 0.049177 seconds 
  Import took 0.053315 seconds .

========================================================================
Received Import Request.
  Time since last request: 0.000211 seconds.
  path: Assets/Prefabs/BlockRight.prefab
  artifactKey: Guid(25d49b6f96868bc4680830c3d9cc7223) Importer(815301076,1909f56bfc062723c751e8b465ee728b)
Start importing Assets/Prefabs/BlockRight.prefab using Guid(25d49b6f96868bc4680830c3d9cc7223) Importer(815301076,1909f56bfc062723c751e8b465ee728b)  -> (artifact id: '96e686665a0c1969fc8dc4051ff8d6a5') in 0.044537 seconds 
  Import took 0.145724 seconds .

========================================================================
Received Import Request.
  Time since last request: 0.000335 seconds.
  path: Assets/Prefabs/BlockLeft 2.prefab
  artifactKey: Guid(1216dc3ae7dca604cb1ac5ddfbfc28c2) Importer(815301076,1909f56bfc062723c751e8b465ee728b)
Start importing Assets/Prefabs/BlockLeft 2.prefab using Guid(1216dc3ae7dca604cb1ac5ddfbfc28c2) Importer(815301076,1909f56bfc062723c751e8b465ee728b)  -> (artifact id: 'ca6270f3d5acafb4cf9a0c57982587c3') in 0.072421 seconds 
  Import took 0.077389 seconds .

========================================================================
Received Import Request.
  Time since last request: 0.635935 seconds.
  path: Assets/Prefabs/BlockLeft 2.prefab
  artifactKey: Guid(1216dc3ae7dca604cb1ac5ddfbfc28c2) Importer(815301076,1909f56bfc062723c751e8b465ee728b)
Start importing Assets/Prefabs/BlockLeft 2.prefab using Guid(1216dc3ae7dca604cb1ac5ddfbfc28c2) Importer(815301076,1909f56bfc062723c751e8b465ee728b)  -> (artifact id: '42d9c08fa9df409ca5a7b7714cea224f') in 0.078154 seconds 
  Import took 0.082793 seconds .

========================================================================
Received Import Request.
  Time since last request: 0.000095 seconds.
  path: Assets/Prefabs/Coin.prefab
  artifactKey: Guid(a6a1dc61fa69ba446ae4ef25307496b6) Importer(815301076,1909f56bfc062723c751e8b465ee728b)
Start importing Assets/Prefabs/Coin.prefab using Guid(a6a1dc61fa69ba446ae4ef25307496b6) Importer(815301076,1909f56bfc062723c751e8b465ee728b)  -> (artifact id: '499e09c9109700e63bfd4efee381849f') in 0.033504 seconds 
  Import took 0.037057 seconds .

========================================================================
Received Import Request.
  Time since last request: 0.000240 seconds.
  path: Assets/Prefabs/RectBlock 3.prefab
  artifactKey: Guid(bc077d67673dd6f46a77e2b3e3944560) Importer(815301076,1909f56bfc062723c751e8b465ee728b)
Start importing Assets/Prefabs/RectBlock 3.prefab using Guid(bc077d67673dd6f46a77e2b3e3944560) Importer(815301076,1909f56bfc062723c751e8b465ee728b)  -> (artifact id: '723d528fcf4d411463f75dc9f8137ec4') in 0.051182 seconds 
  Import took 0.077486 seconds .

========================================================================
Received Import Request.
  Time since last request: 0.000203 seconds.
  path: Assets/Prefabs/BlockMiddle.prefab
  artifactKey: Guid(e16f2765db973d1469eca4f5519a5a27) Importer(815301076,1909f56bfc062723c751e8b465ee728b)
Start importing Assets/Prefabs/BlockMiddle.prefab using Guid(e16f2765db973d1469eca4f5519a5a27) Importer(815301076,1909f56bfc062723c751e8b465ee728b)  -> (artifact id: '6524f912f9f0069b126ff4c587730f5b') in 0.044721 seconds 
  Import took 0.048722 seconds .

========================================================================
Received Import Request.
  Time since last request: 0.000214 seconds.
  path: Assets/Prefabs/BlockLeft.prefab
  artifactKey: Guid(dcb2d509decabe84f8698aaf117948e6) Importer(815301076,1909f56bfc062723c751e8b465ee728b)
Start importing Assets/Prefabs/BlockLeft.prefab using Guid(dcb2d509decabe84f8698aaf117948e6) Importer(815301076,1909f56bfc062723c751e8b465ee728b)  -> (artifact id: 'ef0ae3ca0de239cea052848238d9fda9') in 0.043950 seconds 
  Import took 0.049634 seconds .

========================================================================
Received Import Request.
  Time since last request: 0.000208 seconds.
  path: Assets/Prefabs/BlockRight 2.prefab
  artifactKey: Guid(b700b4746ac087047bf7117dd2fbe263) Importer(815301076,1909f56bfc062723c751e8b465ee728b)
Start importing Assets/Prefabs/BlockRight 2.prefab using Guid(b700b4746ac087047bf7117dd2fbe263) Importer(815301076,1909f56bfc062723c751e8b465ee728b)  -> (artifact id: 'a7a0b49540d03dd5d90cff74cca64f4f') in 0.042339 seconds 
  Import took 0.046394 seconds .

========================================================================
Received Import Request.
  Time since last request: 0.000304 seconds.
  path: Assets/Prefabs/RectBlock 2.prefab
  artifactKey: Guid(46ce1bfe71d8cc149afc06e87366ed9e) Importer(815301076,1909f56bfc062723c751e8b465ee728b)
Start importing Assets/Prefabs/RectBlock 2.prefab using Guid(46ce1bfe71d8cc149afc06e87366ed9e) Importer(815301076,1909f56bfc062723c751e8b465ee728b)  -> (artifact id: '42ac0ed933189bd9085b326c8b5c13b7') in 0.043134 seconds 
  Import took 0.048487 seconds .

========================================================================
Received Import Request.
  Time since last request: 0.000227 seconds.
  path: Assets/Prefabs/BlockRight.prefab
  artifactKey: Guid(25d49b6f96868bc4680830c3d9cc7223) Importer(815301076,1909f56bfc062723c751e8b465ee728b)
Start importing Assets/Prefabs/BlockRight.prefab using Guid(25d49b6f96868bc4680830c3d9cc7223) Importer(815301076,1909f56bfc062723c751e8b465ee728b)  -> (artifact id: '75753e8cd741c84eaaf98fc82eb61e62') in 0.044888 seconds 
  Import took 0.049371 seconds .

========================================================================
Received Prepare
Registering precompiled user dll's ...
Registered in 0.006963 seconds.
Begin MonoManager ReloadAssembly
Native extension for WindowsStandalone target not found
Refreshing native plugins compatible for Editor in 0.50 ms, found 2 plugins.
Preloading 0 native plugins for Editor in 0.00 ms.
Mono: successfully reloaded assembly
- Completed reload, in  1.313 seconds
Domain Reload Profiling:
	ReloadAssembly (1314ms)
		BeginReloadAssembly (146ms)
			ExecutionOrderSort (0ms)
			DisableScriptedObjects (5ms)
			BackupInstance (0ms)
			ReleaseScriptingObjects (0ms)
			CreateAndSetChildDomain (38ms)
		EndReloadAssembly (1099ms)
			LoadAssemblies (126ms)
			RebuildTransferFunctionScriptingTraits (0ms)
			SetupTypeCache (365ms)
			ReleaseScriptCaches (2ms)
			RebuildScriptCaches (138ms)
			SetupLoadedEditorAssemblies (337ms)
				LogAssemblyErrors (0ms)
				InitializePlatformSupportModulesInManaged (6ms)
				SetLoadedEditorAssemblies (1ms)
				RefreshPlugins (1ms)
				BeforeProcessingInitializeOnLoad (79ms)
				ProcessInitializeOnLoadAttributes (236ms)
				ProcessInitializeOnLoadMethodAttributes (11ms)
				AfterProcessingInitializeOnLoad (5ms)
				EditorAssembliesLoaded (0ms)
			ExecutionOrderSort2 (0ms)
			AwakeInstancesAfterBackupRestoration (8ms)
Platform modules already initialized, skipping
Switching build target platform(19) subTarget(0) extendedPlatform(0) -> platform(13) subTarget(537395200) extendedPlatform(0)
Refreshing native plugins compatible for Editor in 0.44 ms, found 2 plugins.
Preloading 0 native plugins for Editor in 0.00 ms.
Unloading 1559 Unused Serialized files (Serialized files now loaded: 0)
System memory in use before: 75.8 MB.
System memory in use after: 75.9 MB.

Unloading 17 unused Assets to reduce memory usage. Loaded Objects now: 2042.
Total: 3.059900 ms (FindLiveObjects: 0.158800 ms CreateObjectMapping: 0.057800 ms MarkObjects: 2.805800 ms  DeleteObjects: 0.036400 ms)

AssetImportParameters requested are different than current active one (requested -> active):
  custom:framework-win-MediaFoundation: 216162199b28c13a410421893ffa2e32 -> 
  custom:video-decoder-ogg-theora: a1e56fd34408186e4bbccfd4996cb3dc -> 
  custom:container-muxer-webm: aa71ff27fc2769a1b78a27578f13a17b -> 
  custom:container-demuxer-webm: 4f35f7cbe854078d1ac9338744f61a02 -> 
  custom:container-demuxer-ogg: 62fdf1f143b41e24485cea50d1cbac27 -> 
  custom:video-encoder-webm-vp8: eb34c28f22e8b96e1ab97ce403110664 -> 
  custom:video-codec-MediaFoundation-h265: 746d11721c4dcdbdad8f713fa42b33f4 -> 
  custom:video-decoder-webm-vp8: 9c59270c3fd7afecdb556c50c9e8de78 -> 
  custom:graphics/normal-map-encoding: 01000000000000000000000000000000 -> 02000000000000000000000000000000
  custom:audio-decoder-ogg-vorbis: bf7c407c2cedff20999df2af8eb42d56 -> 
  custom:audio-encoder-webm-vorbis: bf7c407c2cedff20999df2af8eb42d56 -> 
========================================================================
Received Prepare
Refreshing native plugins compatible for Editor in 5.57 ms, found 2 plugins.
Preloading 0 native plugins for Editor in 0.00 ms.
Unloading 14 Unused Serialized files (Serialized files now loaded: 0)
System memory in use before: 45.5 MB.
System memory in use after: 45.7 MB.

Unloading 14 unused Assets to reduce memory usage. Loaded Objects now: 2042.
Total: 3.366400 ms (FindLiveObjects: 0.168200 ms CreateObjectMapping: 0.063400 ms MarkObjects: 3.116200 ms  DeleteObjects: 0.017200 ms)

AssetImportParameters requested are different than current active one (requested -> active):
  custom:framework-win-MediaFoundation: 216162199b28c13a410421893ffa2e32 -> 
  custom:video-decoder-ogg-theora: a1e56fd34408186e4bbccfd4996cb3dc -> 
  custom:container-muxer-webm: aa71ff27fc2769a1b78a27578f13a17b -> 
  custom:container-demuxer-webm: 4f35f7cbe854078d1ac9338744f61a02 -> 
  custom:container-demuxer-ogg: 62fdf1f143b41e24485cea50d1cbac27 -> 
  custom:video-encoder-webm-vp8: eb34c28f22e8b96e1ab97ce403110664 -> 
  custom:video-codec-MediaFoundation-h265: 746d11721c4dcdbdad8f713fa42b33f4 -> 
  custom:video-decoder-webm-vp8: 9c59270c3fd7afecdb556c50c9e8de78 -> 
  custom:audio-decoder-ogg-vorbis: bf7c407c2cedff20999df2af8eb42d56 -> 
  custom:audio-encoder-webm-vorbis: bf7c407c2cedff20999df2af8eb42d56 -> 
========================================================================
Received Prepare
Registering precompiled user dll's ...
Registered in 0.006600 seconds.
Begin MonoManager ReloadAssembly
Native extension for WindowsStandalone target not found
Refreshing native plugins compatible for Editor in 0.45 ms, found 2 plugins.
Preloading 0 native plugins for Editor in 0.00 ms.
Mono: successfully reloaded assembly
- Completed reload, in  1.262 seconds
Domain Reload Profiling:
	ReloadAssembly (1262ms)
		BeginReloadAssembly (153ms)
			ExecutionOrderSort (0ms)
			DisableScriptedObjects (7ms)
			BackupInstance (0ms)
			ReleaseScriptingObjects (0ms)
			CreateAndSetChildDomain (41ms)
		EndReloadAssembly (1045ms)
			LoadAssemblies (127ms)
			RebuildTransferFunctionScriptingTraits (0ms)
			SetupTypeCache (334ms)
			ReleaseScriptCaches (1ms)
			RebuildScriptCaches (43ms)
			SetupLoadedEditorAssemblies (345ms)
				LogAssemblyErrors (0ms)
				InitializePlatformSupportModulesInManaged (6ms)
				SetLoadedEditorAssemblies (0ms)
				RefreshPlugins (1ms)
				BeforeProcessingInitializeOnLoad (78ms)
				ProcessInitializeOnLoadAttributes (241ms)
				ProcessInitializeOnLoadMethodAttributes (14ms)
				AfterProcessingInitializeOnLoad (3ms)
				EditorAssembliesLoaded (1ms)
			ExecutionOrderSort2 (0ms)
			AwakeInstancesAfterBackupRestoration (8ms)
Platform modules already initialized, skipping
Switching build target platform(19) subTarget(0) extendedPlatform(0) -> platform(13) subTarget(537395200) extendedPlatform(0)
Refreshing native plugins compatible for Editor in 0.62 ms, found 2 plugins.
Preloading 0 native plugins for Editor in 0.00 ms.
Unloading 1559 Unused Serialized files (Serialized files now loaded: 0)
System memory in use before: 75.8 MB.
System memory in use after: 75.9 MB.

Unloading 16 unused Assets to reduce memory usage. Loaded Objects now: 2044.
Total: 3.445900 ms (FindLiveObjects: 0.178000 ms CreateObjectMapping: 0.082800 ms MarkObjects: 3.161800 ms  DeleteObjects: 0.022200 ms)

AssetImportParameters requested are different than current active one (requested -> active):
  custom:framework-win-MediaFoundation: 216162199b28c13a410421893ffa2e32 -> 
  custom:video-decoder-ogg-theora: a1e56fd34408186e4bbccfd4996cb3dc -> 
  custom:container-muxer-webm: aa71ff27fc2769a1b78a27578f13a17b -> 
  custom:container-demuxer-webm: 4f35f7cbe854078d1ac9338744f61a02 -> 
  custom:container-demuxer-ogg: 62fdf1f143b41e24485cea50d1cbac27 -> 
  custom:video-encoder-webm-vp8: eb34c28f22e8b96e1ab97ce403110664 -> 
  custom:video-codec-MediaFoundation-h265: 746d11721c4dcdbdad8f713fa42b33f4 -> 
  custom:video-decoder-webm-vp8: 9c59270c3fd7afecdb556c50c9e8de78 -> 
  custom:graphics/normal-map-encoding: 01000000000000000000000000000000 -> 02000000000000000000000000000000
  custom:audio-decoder-ogg-vorbis: bf7c407c2cedff20999df2af8eb42d56 -> 
  custom:audio-encoder-webm-vorbis: bf7c407c2cedff20999df2af8eb42d56 -> 
========================================================================
Received Prepare
Refreshing native plugins compatible for Editor in 5.25 ms, found 2 plugins.
Preloading 0 native plugins for Editor in 0.00 ms.
Unloading 14 Unused Serialized files (Serialized files now loaded: 0)
System memory in use before: 45.6 MB.
System memory in use after: 45.7 MB.

Unloading 14 unused Assets to reduce memory usage. Loaded Objects now: 2044.
Total: 3.542800 ms (FindLiveObjects: 0.173600 ms CreateObjectMapping: 0.094500 ms MarkObjects: 3.253600 ms  DeleteObjects: 0.019700 ms)

AssetImportParameters requested are different than current active one (requested -> active):
  custom:framework-win-MediaFoundation: 216162199b28c13a410421893ffa2e32 -> 
  custom:video-decoder-ogg-theora: a1e56fd34408186e4bbccfd4996cb3dc -> 
  custom:container-muxer-webm: aa71ff27fc2769a1b78a27578f13a17b -> 
  custom:container-demuxer-webm: 4f35f7cbe854078d1ac9338744f61a02 -> 
  custom:container-demuxer-ogg: 62fdf1f143b41e24485cea50d1cbac27 -> 
  custom:video-encoder-webm-vp8: eb34c28f22e8b96e1ab97ce403110664 -> 
  custom:video-codec-MediaFoundation-h265: 746d11721c4dcdbdad8f713fa42b33f4 -> 
  custom:video-decoder-webm-vp8: 9c59270c3fd7afecdb556c50c9e8de78 -> 
  custom:audio-decoder-ogg-vorbis: bf7c407c2cedff20999df2af8eb42d56 -> 
  custom:audio-encoder-webm-vorbis: bf7c407c2cedff20999df2af8eb42d56 -> 
AssetImportWorkerClient::OnTransportError - code=2 error=End of file
